<?xml version="1.0" encoding="UTF-8"?>
<!-- Generated by org.testng.reporters.JUnitReportReporter -->
<testsuite hostname="OTS-LP-O-0237" failures="0" tests="1" name="com.wakesmart.testcases.WSAutomationAlertRulesTest" time="3.326" errors="0" timestamp="2023-08-07T16:59:06 IST" skipped="0">
  <testcase classname="com.wakesmart.testcases.WSAutomationAlertRulesTest" name="newAutomationAlertRules" time="3.326"/>
  <system-out/>
</testsuite> <!-- com.wakesmart.testcases.WSAutomationAlertRulesTest -->
