<?xml version="1.0" encoding="UTF-8"?>
<!-- Generated by org.testng.reporters.JUnitReportReporter -->
<testsuite hostname="OTS-LP-O-0237" failures="0" tests="1" name="com.wakesmart.testcases.WSHomePageTest" time="23.194" errors="0" timestamp="2023-05-03T18:47:41 IST" skipped="0">
  <testcase classname="com.wakesmart.testcases.WSHomePageTest" name="HomePageValidation" time="23.194"/>
  <system-out/>
</testsuite> <!-- com.wakesmart.testcases.WSHomePageTest -->
