<?xml version="1.0" encoding="UTF-8"?>
<!-- Generated by org.testng.reporters.JUnitReportReporter -->
<testsuite hostname="OTS-LP-O-0237" failures="1" tests="11" name="com.wakesmart.testcases.LoginPageTest" time="19.412" errors="0" timestamp="2023-04-18T21:02:29 IST" skipped="0">
  <testcase classname="com.wakesmart.testcases.LoginPageTest" name="getTitle" time="0.078"/>
  <system-out/>
  <testcase classname="com.wakesmart.testcases.LoginPageTest" name="colorOfForm" time="0.050"/>
  <system-out/>
  <testcase classname="com.wakesmart.testcases.LoginPageTest" name="colorOfLoginButton" time="0.032"/>
  <system-out/>
  <testcase classname="com.wakesmart.testcases.LoginPageTest" name="invalidUserName_ValidPasswordLogin" time="2.891"/>
  <system-out/>
  <testcase classname="com.wakesmart.testcases.LoginPageTest" name="validUserName_InvalidPasswordLogin" time="4.847"/>
  <system-out/>
  <testcase classname="com.wakesmart.testcases.LoginPageTest" name="inValidUserName_InvalidPasswordLogin" time="4.567"/>
  <system-out/>
  <testcase classname="com.wakesmart.testcases.LoginPageTest" name="empty_Credential_Login" time="0.562"/>
  <system-out/>
  <testcase classname="com.wakesmart.testcases.LoginPageTest" name="passwordVisibilityOnDOM" time="0.179">
    <failure message="The following asserts failed:
	Password is visible on the DOM= did not expect [invalidPW] but found [invalidPW]" type="java.lang.AssertionError">
      <![CDATA[java.lang.AssertionError: The following asserts failed:
Password is visible on the DOM= did not expect [invalidPW] but found [invalidPW]
at org.testng.asserts.SoftAssert.assertAll(SoftAssert.java:46)
at org.testng.asserts.SoftAssert.assertAll(SoftAssert.java:30)
at com.wakesmart.testcases.LoginPageTest.passwordVisibilityOnDOM(LoginPageTest.java:148)
at java.base/jdk.internal.reflect.NativeMethodAccessorImpl.invoke0(Native Method)
at java.base/jdk.internal.reflect.NativeMethodAccessorImpl.invoke(NativeMethodAccessorImpl.java:77)
at java.base/jdk.internal.reflect.DelegatingMethodAccessorImpl.invoke(DelegatingMethodAccessorImpl.java:43)
at java.base/java.lang.reflect.Method.invoke(Method.java:568)
at org.testng.internal.invokers.MethodInvocationHelper.invokeMethod(MethodInvocationHelper.java:139)
at org.testng.internal.invokers.TestInvoker.invokeMethod(TestInvoker.java:677)
at org.testng.internal.invokers.TestInvoker.invokeTestMethod(TestInvoker.java:221)
at org.testng.internal.invokers.MethodRunner.runInSequence(MethodRunner.java:50)
at org.testng.internal.invokers.TestInvoker$MethodInvocationAgent.invoke(TestInvoker.java:962)
at org.testng.internal.invokers.TestInvoker.invokeTestMethods(TestInvoker.java:194)
at org.testng.internal.invokers.TestMethodWorker.invokeTestMethods(TestMethodWorker.java:148)
at org.testng.internal.invokers.TestMethodWorker.run(TestMethodWorker.java:128)
at java.base/java.util.ArrayList.forEach(ArrayList.java:1511)
at org.testng.TestRunner.privateRun(TestRunner.java:806)
at org.testng.TestRunner.run(TestRunner.java:601)
at org.testng.SuiteRunner.runTest(SuiteRunner.java:433)
at org.testng.SuiteRunner.runSequentially(SuiteRunner.java:427)
at org.testng.SuiteRunner.privateRun(SuiteRunner.java:387)
at org.testng.SuiteRunner.run(SuiteRunner.java:330)
at org.testng.SuiteRunnerWorker.runSuite(SuiteRunnerWorker.java:52)
at org.testng.SuiteRunnerWorker.run(SuiteRunnerWorker.java:95)
at org.testng.TestNG.runSuitesSequentially(TestNG.java:1256)
at org.testng.TestNG.runSuitesLocally(TestNG.java:1176)
at org.testng.TestNG.runSuites(TestNG.java:1099)
at org.testng.TestNG.run(TestNG.java:1067)
at org.testng.remote.AbstractRemoteTestNG.run(AbstractRemoteTestNG.java:115)
at org.testng.remote.RemoteTestNG.initAndRun(RemoteTestNG.java:251)
at org.testng.remote.RemoteTestNG.main(RemoteTestNG.java:77)
]]>
    </failure>
  </testcase> <!-- passwordVisibilityOnDOM -->
  <system-out/>
  <testcase classname="com.wakesmart.testcases.LoginPageTest" name="validUserLogin" time="3.726"/>
  <system-out/>
  <testcase classname="com.wakesmart.testcases.LoginPageTest" name="URLVerification" time="0.014"/>
  <system-out/>
  <testcase classname="com.wakesmart.testcases.LoginPageTest" name="userLogout" time="2.466"/>
  <system-out/>
</testsuite> <!-- com.wakesmart.testcases.LoginPageTest -->
