<?xml version="1.0" encoding="UTF-8"?>
<!-- Generated by org.testng.reporters.JUnitReportReporter -->
<testsuite hostname="OTS-LP-O-0237" failures="0" tests="2" name="com.wakesmart.testcases.WSHomePage" time="5.786" errors="0" timestamp="2023-03-29T19:50:35 IST" skipped="0">
  <testcase classname="com.wakesmart.testcases.WSHomePage" name="validateUserLoginWithValidCredentials" time="5.519"/>
  <system-out/>
  <testcase classname="com.wakesmart.testcases.WSHomePage" name="HomePageValidation" time="0.267"/>
  <system-out/>
</testsuite> <!-- com.wakesmart.testcases.WSHomePage -->
