<?xml version="1.0" encoding="UTF-8"?>
<!-- Generated by org.testng.reporters.JUnitReportReporter -->
<testsuite hostname="OTS-LP-O-0237" failures="0" tests="1" name="com.wakesmart.testcases.WSManagementGroupsTest" time="14.804" errors="0" timestamp="2023-05-08T12:48:03 IST" skipped="0">
  <testcase classname="com.wakesmart.testcases.WSManagementGroupsTest" name="managementGroups" time="14.804"/>
  <system-out/>
</testsuite> <!-- com.wakesmart.testcases.WSManagementGroupsTest -->
