<?xml version="1.0" encoding="UTF-8"?>
<!-- Generated by org.testng.reporters.JUnitReportReporter -->
<testsuite hostname="OTS-LP-O-0237" failures="0" tests="1" name="com.wakesmart.testcases.WSAutomationGroupRulesTest" time="44.935" errors="0" timestamp="2023-05-05T14:42:11 IST" skipped="0">
  <testcase classname="com.wakesmart.testcases.WSAutomationGroupRulesTest" name="newAutomationGroupRules" time="44.935"/>
  <system-out/>
</testsuite> <!-- com.wakesmart.testcases.WSAutomationGroupRulesTest -->
