<?xml version="1.0" encoding="UTF-8"?>
<!-- Generated by org.testng.reporters.JUnitReportReporter -->
<testsuite hostname="OTS-LP-O-0237" failures="0" tests="1" name="com.wakesmart.testcases.WSAutomationPolicyRules" time="40.957" errors="0" timestamp="2023-05-05T14:42:11 IST" skipped="0">
  <testcase classname="com.wakesmart.testcases.WSAutomationPolicyRules" name="newAutomationPolicyRules" time="40.957"/>
  <system-out/>
</testsuite> <!-- com.wakesmart.testcases.WSAutomationPolicyRules -->
