<?xml version="1.0" encoding="UTF-8"?>
<!-- Generated by org.testng.reporters.JUnitReportReporter -->
<testsuite hostname="OTS-LP-O-0237" failures="0" tests="1" name="com.wakesmart.testcases.WSManagementGroupsTest" time="8.475" errors="0" timestamp="2023-08-09T17:49:36 IST" skipped="0">
  <testcase classname="com.wakesmart.testcases.WSManagementGroupsTest" name="managementGroups" time="8.475"/>
  <system-out/>
</testsuite> <!-- com.wakesmart.testcases.WSManagementGroupsTest -->
