<?xml version="1.0" encoding="UTF-8"?>
<!-- Generated by org.testng.reporters.JUnitReportReporter -->
<testsuite hostname="OTS-LP-O-0237" failures="0" tests="10" name="com.wakesmart.testcases.LoginPageTest" time="11.504" errors="0" timestamp="2022-12-01T20:31:58 IST" skipped="0">
  <testcase classname="com.wakesmart.testcases.LoginPageTest" name="getTitle" time="0.064"/>
  <system-out/>
  <testcase classname="com.wakesmart.testcases.LoginPageTest" name="colorOfForm" time="0.051"/>
  <system-out/>
  <testcase classname="com.wakesmart.testcases.LoginPageTest" name="colorOfLoginButton" time="0.031"/>
  <system-out/>
  <testcase classname="com.wakesmart.testcases.LoginPageTest" name="invalidUserName_ValidPasswordLogin" time="1.316"/>
  <system-out/>
  <testcase classname="com.wakesmart.testcases.LoginPageTest" name="validUserName_InvalidPasswordLogin" time="1.316"/>
  <system-out/>
  <testcase classname="com.wakesmart.testcases.LoginPageTest" name="inValidUserName_InvalidPasswordLogin" time="1.235"/>
  <system-out/>
  <testcase classname="com.wakesmart.testcases.LoginPageTest" name="empty_Credential_Login" time="0.510"/>
  <system-out/>
  <testcase classname="com.wakesmart.testcases.LoginPageTest" name="passwordVisibilityOnDOM" time="0.159"/>
  <system-out/>
  <testcase classname="com.wakesmart.testcases.LoginPageTest" name="validUserLogin" time="5.744"/>
  <system-out/>
  <testcase classname="com.wakesmart.testcases.LoginPageTest" name="userLogout" time="1.078"/>
  <system-out/>
</testsuite> <!-- com.wakesmart.testcases.LoginPageTest -->
