<?xml version="1.0" encoding="UTF-8"?>
<!-- Generated by org.testng.reporters.JUnitReportReporter -->
<testsuite hostname="OTS-LP-O-0237" failures="0" tests="24" name="com.wakesmart.testcases.HomePageTest" time="143.250" errors="0" timestamp="2023-01-03T16:36:03 IST" skipped="1">
  <testcase classname="com.wakesmart.testcases.HomePageTest" name="validUserLogin" time="5.996"/>
  <system-out/>
  <testcase classname="com.wakesmart.testcases.HomePageTest" name="user" time="0.933"/>
  <system-out/>
  <testcase classname="com.wakesmart.testcases.HomePageTest" name="about" time="0.881"/>
  <system-out/>
  <testcase classname="com.wakesmart.testcases.HomePageTest" name="reporting" time="10.417"/>
  <system-out/>
  <testcase classname="com.wakesmart.testcases.HomePageTest" name="assetInventory" time="2.379"/>
  <system-out/>
  <testcase classname="com.wakesmart.testcases.HomePageTest" name="manage_Device_Groups" time="21.101"/>
  <system-out/>
  <testcase classname="com.wakesmart.testcases.HomePageTest" name="manageEditGroups" time="4.382"/>
  <system-out/>
  <testcase classname="com.wakesmart.testcases.HomePageTest" name="managePolicies" time="6.104"/>
  <system-out/>
  <testcase classname="com.wakesmart.testcases.HomePageTest" name="manage_Policies_AddNewScheme" time="2.948"/>
  <system-out/>
  <testcase classname="com.wakesmart.testcases.HomePageTest" name="managePolicies_Scheduled_Events" time="5.358"/>
  <system-out/>
  <testcase classname="com.wakesmart.testcases.HomePageTest" name="new_Policy_Verify" time="0.468"/>
  <system-out/>
  <testcase classname="com.wakesmart.testcases.HomePageTest" name="assign_Policy_To_Sytstem" time="9.642"/>
  <system-out/>
  <testcase classname="com.wakesmart.testcases.HomePageTest" name="deleteAssignedPolicy" time="4.539"/>
  <system-out/>
  <testcase classname="com.wakesmart.testcases.HomePageTest" name="Unassign_Policy_To_Sytstem" time="8.133"/>
  <system-out/>
  <testcase classname="com.wakesmart.testcases.HomePageTest" name="manage_User" time="11.168"/>
  <system-out/>
  <testcase classname="com.wakesmart.testcases.HomePageTest" name="manage_Users_GroupPermission" time="5.016"/>
  <system-out/>
  <testcase classname="com.wakesmart.testcases.HomePageTest" name="manage_Licences" time="3.881"/>
  <system-out/>
  <testcase classname="com.wakesmart.testcases.HomePageTest" name="manage_Reference" time="2.098"/>
  <system-out/>
  <testcase classname="com.wakesmart.testcases.HomePageTest" name="manage_Automation" time="9.982"/>
  <system-out/>
  <testcase classname="com.wakesmart.testcases.HomePageTest" name="Automation_rule_Presence_verify" time="10.541"/>
  <system-out/>
  <testcase classname="com.wakesmart.testcases.HomePageTest" name="Automation_PolicyRules" time="11.215"/>
  <system-out/>
  <testcase classname="com.wakesmart.testcases.HomePageTest" name="getAutomation_AlertRules" time="0.169"/>
  <system-out/>
  <testcase classname="com.wakesmart.testcases.HomePageTest" name="Settings" time="5.899"/>
  <system-out/>
  <testcase classname="com.wakesmart.testcases.HomePageTest" name="delete_UnAssigned_Policy">
    <skipped/>
  </testcase> <!-- delete_UnAssigned_Policy -->
  <system-out/>
</testsuite> <!-- com.wakesmart.testcases.HomePageTest -->
