<?xml version="1.0" encoding="UTF-8"?>
<!-- Generated by org.testng.reporters.JUnitReportReporter -->
<testsuite hostname="OTS-LP-O-0237" failures="0" tests="2" name="com.wakesmart.testcases.HomePageTest" time="18.869" errors="0" timestamp="2022-11-21T21:48:16 IST" skipped="0">
  <testcase classname="com.wakesmart.testcases.HomePageTest" name="validUserLogin" time="6.525"/>
  <system-out/>
  <testcase classname="com.wakesmart.testcases.HomePageTest" name="reporting" time="12.344"/>
  <system-out/>
</testsuite> <!-- com.wakesmart.testcases.HomePageTest -->
