<?xml version="1.0" encoding="UTF-8"?>
<!-- Generated by org.testng.reporters.JUnitReportReporter -->
<testsuite hostname="OTS-LP-O-0237" failures="1" tests="31" name="com.wakesmart.testcases.HomePageTest" time="198.922" errors="0" timestamp="2023-02-14T23:20:43 IST" skipped="1">
  <testcase classname="com.wakesmart.testcases.HomePageTest" name="validUserLogin" time="6.014"/>
  <system-out/>
  <testcase classname="com.wakesmart.testcases.HomePageTest" name="user" time="0.838"/>
  <system-out/>
  <testcase classname="com.wakesmart.testcases.HomePageTest" name="about" time="0.943"/>
  <system-out/>
  <testcase classname="com.wakesmart.testcases.HomePageTest" name="reporting" time="12.268"/>
  <system-out/>
  <testcase classname="com.wakesmart.testcases.HomePageTest" name="manage_Device_Groups" time="39.022"/>
  <system-out/>
  <testcase classname="com.wakesmart.testcases.HomePageTest" name="manageEditGroups" time="4.787"/>
  <system-out/>
  <testcase classname="com.wakesmart.testcases.HomePageTest" name="managePolicies" time="6.574"/>
  <system-out/>
  <testcase classname="com.wakesmart.testcases.HomePageTest" name="manage_Policies_AddNewScheme" time="2.660"/>
  <system-out/>
  <testcase classname="com.wakesmart.testcases.HomePageTest" name="managePolicies_Scheduled_Events" time="6.011"/>
  <system-out/>
  <testcase classname="com.wakesmart.testcases.HomePageTest" name="new_Policy_Verify" time="0.627"/>
  <system-out/>
  <testcase classname="com.wakesmart.testcases.HomePageTest" name="assign_Policy_To_Sytstem" time="6.852"/>
  <system-out/>
  <testcase classname="com.wakesmart.testcases.HomePageTest" name="deleteAssignedPolicy" time="3.660"/>
  <system-out/>
  <testcase classname="com.wakesmart.testcases.HomePageTest" name="Unassign_Policy_To_Sytstem" time="6.218"/>
  <system-out/>
  <testcase classname="com.wakesmart.testcases.HomePageTest" name="manage_User" time="11.375"/>
  <system-out/>
  <testcase classname="com.wakesmart.testcases.HomePageTest" name="manage_Users_GroupPermission" time="3.924"/>
  <system-out/>
  <testcase classname="com.wakesmart.testcases.HomePageTest" name="manage_Licences" time="4.850"/>
  <system-out/>
  <testcase classname="com.wakesmart.testcases.HomePageTest" name="manage_Reference" time="2.145"/>
  <system-out/>
  <testcase classname="com.wakesmart.testcases.HomePageTest" name="manage_Automation" time="10.657"/>
  <system-out/>
  <testcase classname="com.wakesmart.testcases.HomePageTest" name="Automation_rule_Presence_verify" time="8.777">
    <failure message="The following asserts failed:
	expected [true] but found [false]" type="java.lang.AssertionError">
      <![CDATA[java.lang.AssertionError: The following asserts failed:
expected [true] but found [false]
at org.testng.asserts.SoftAssert.assertAll(SoftAssert.java:46)
at org.testng.asserts.SoftAssert.assertAll(SoftAssert.java:30)
at com.wakesmart.testcases.HomePageTest.Automation_rule_Presence_verify(HomePageTest.java:716)
at java.base/jdk.internal.reflect.NativeMethodAccessorImpl.invoke0(Native Method)
at java.base/jdk.internal.reflect.NativeMethodAccessorImpl.invoke(NativeMethodAccessorImpl.java:77)
at java.base/jdk.internal.reflect.DelegatingMethodAccessorImpl.invoke(DelegatingMethodAccessorImpl.java:43)
at java.base/java.lang.reflect.Method.invoke(Method.java:568)
at org.testng.internal.invokers.MethodInvocationHelper.invokeMethod(MethodInvocationHelper.java:139)
at org.testng.internal.invokers.TestInvoker.invokeMethod(TestInvoker.java:677)
at org.testng.internal.invokers.TestInvoker.invokeTestMethod(TestInvoker.java:221)
at org.testng.internal.invokers.MethodRunner.runInSequence(MethodRunner.java:50)
at org.testng.internal.invokers.TestInvoker$MethodInvocationAgent.invoke(TestInvoker.java:962)
at org.testng.internal.invokers.TestInvoker.invokeTestMethods(TestInvoker.java:194)
at org.testng.internal.invokers.TestMethodWorker.invokeTestMethods(TestMethodWorker.java:148)
at org.testng.internal.invokers.TestMethodWorker.run(TestMethodWorker.java:128)
at java.base/java.util.ArrayList.forEach(ArrayList.java:1511)
at org.testng.TestRunner.privateRun(TestRunner.java:806)
at org.testng.TestRunner.run(TestRunner.java:601)
at org.testng.SuiteRunner.runTest(SuiteRunner.java:433)
at org.testng.SuiteRunner.runSequentially(SuiteRunner.java:427)
at org.testng.SuiteRunner.privateRun(SuiteRunner.java:387)
at org.testng.SuiteRunner.run(SuiteRunner.java:330)
at org.testng.SuiteRunnerWorker.runSuite(SuiteRunnerWorker.java:52)
at org.testng.SuiteRunnerWorker.run(SuiteRunnerWorker.java:95)
at org.testng.TestNG.runSuitesSequentially(TestNG.java:1256)
at org.testng.TestNG.runSuitesLocally(TestNG.java:1176)
at org.testng.TestNG.runSuites(TestNG.java:1099)
at org.testng.TestNG.run(TestNG.java:1067)
at org.testng.remote.AbstractRemoteTestNG.run(AbstractRemoteTestNG.java:115)
at org.testng.remote.RemoteTestNG.initAndRun(RemoteTestNG.java:251)
at org.testng.remote.RemoteTestNG.main(RemoteTestNG.java:77)
]]>
    </failure>
  </testcase> <!-- Automation_rule_Presence_verify -->
  <system-out/>
  <testcase classname="com.wakesmart.testcases.HomePageTest" name="Automation_PolicyRules" time="12.261"/>
  <system-out/>
  <testcase classname="com.wakesmart.testcases.HomePageTest" name="getAutomation_AlertRules" time="0.169"/>
  <system-out/>
  <testcase classname="com.wakesmart.testcases.HomePageTest" name="Settings" time="10.505"/>
  <system-out/>
  <testcase classname="com.wakesmart.testcases.HomePageTest" name="assetInventory" time="2.810"/>
  <system-out/>
  <testcase classname="com.wakesmart.testcases.HomePageTest" name="reporting_DeviceUsage" time="7.731"/>
  <system-out/>
  <testcase classname="com.wakesmart.testcases.HomePageTest" name="reporting_Licence_Summary" time="3.866"/>
  <system-out/>
  <testcase classname="com.wakesmart.testcases.HomePageTest" name="reporting_Policy_Summary" time="2.679"/>
  <system-out/>
  <testcase classname="com.wakesmart.testcases.HomePageTest" name="reporting_DevicesVStime" time="3.116"/>
  <system-out/>
  <testcase classname="com.wakesmart.testcases.HomePageTest" name="reporting_DeviceTypebyPercentage" time="5.345"/>
  <system-out/>
  <testcase classname="com.wakesmart.testcases.HomePageTest" name="reporting_Power_State_Report" time="11.141"/>
  <system-out/>
  <testcase classname="com.wakesmart.testcases.HomePageTest" name="logOutFunctionality" time="1.097"/>
  <system-out/>
  <testcase classname="com.wakesmart.testcases.HomePageTest" name="delete_UnAssigned_Policy">
    <skipped/>
  </testcase> <!-- delete_UnAssigned_Policy -->
  <system-out/>
</testsuite> <!-- com.wakesmart.testcases.HomePageTest -->
