<?xml version="1.0" encoding="UTF-8"?>
<!-- Generated by org.testng.reporters.JUnitReportReporter -->
<testsuite hostname="OTS-LP-O-0237" failures="0" tests="2" name="com.wakesmart.testcases.HomePageTest" time="9.619" errors="0" timestamp="2022-12-02T18:09:18 IST" skipped="0">
  <testcase classname="com.wakesmart.testcases.HomePageTest" name="validUserLogin" time="6.667"/>
  <system-out/>
  <testcase classname="com.wakesmart.testcases.HomePageTest" name="managePolicies" time="2.952"/>
  <system-out/>
</testsuite> <!-- com.wakesmart.testcases.HomePageTest -->
