<?xml version="1.0" encoding="UTF-8"?>
<!-- Generated by org.testng.reporters.JUnitReportReporter -->
<testsuite hostname="OTS-LP-O-0237" failures="0" tests="10" name="com.wakesmart.testcases.LoginPageTest" time="11.987" errors="0" timestamp="2023-01-03T16:36:03 IST" skipped="0">
  <testcase classname="com.wakesmart.testcases.LoginPageTest" name="getTitle" time="0.037"/>
  <system-out/>
  <testcase classname="com.wakesmart.testcases.LoginPageTest" name="colorOfForm" time="0.044"/>
  <system-out/>
  <testcase classname="com.wakesmart.testcases.LoginPageTest" name="colorOfLoginButton" time="0.029"/>
  <system-out/>
  <testcase classname="com.wakesmart.testcases.LoginPageTest" name="invalidUserName_ValidPasswordLogin" time="1.312"/>
  <system-out/>
  <testcase classname="com.wakesmart.testcases.LoginPageTest" name="validUserName_InvalidPasswordLogin" time="1.524"/>
  <system-out/>
  <testcase classname="com.wakesmart.testcases.LoginPageTest" name="inValidUserName_InvalidPasswordLogin" time="1.209"/>
  <system-out/>
  <testcase classname="com.wakesmart.testcases.LoginPageTest" name="empty_Credential_Login" time="0.464"/>
  <system-out/>
  <testcase classname="com.wakesmart.testcases.LoginPageTest" name="passwordVisibilityOnDOM" time="0.141"/>
  <system-out/>
  <testcase classname="com.wakesmart.testcases.LoginPageTest" name="validUserLogin" time="6.165"/>
  <system-out/>
  <testcase classname="com.wakesmart.testcases.LoginPageTest" name="userLogout" time="1.062"/>
  <system-out/>
</testsuite> <!-- com.wakesmart.testcases.LoginPageTest -->
