<?xml version="1.0" encoding="UTF-8"?>
<!-- Generated by org.testng.reporters.JUnitReportReporter -->
<testsuite hostname="OTS-LP-O-0237" failures="0" tests="2" name="com.wakesmart.testcases.HomePageTest" time="10.384" errors="0" timestamp="2022-12-20T19:09:06 IST" skipped="0">
  <testcase classname="com.wakesmart.testcases.HomePageTest" name="manage_Automation" time="3.570"/>
  <system-out/>
  <testcase classname="com.wakesmart.testcases.HomePageTest" name="validUserLogin" time="6.814"/>
  <system-out/>
</testsuite> <!-- com.wakesmart.testcases.HomePageTest -->
