<?xml version="1.0" encoding="UTF-8"?>
<!-- Generated by org.testng.reporters.JUnitReportReporter -->
<testsuite hostname="OTS-LP-O-0237" failures="0" tests="1" name="com.wakesmart.testcases.WSManagementPoliciesTest" time="27.254" errors="0" timestamp="2023-08-08T17:32:00 IST" skipped="0">
  <testcase classname="com.wakesmart.testcases.WSManagementPoliciesTest" name="managementPolicies" time="27.254"/>
  <system-out/>
</testsuite> <!-- com.wakesmart.testcases.WSManagementPoliciesTest -->
