<?xml version="1.0" encoding="UTF-8"?>
<!-- Generated by org.testng.reporters.JUnitReportReporter -->
<testsuite hostname="OTS-LP-O-0237" failures="1" tests="11" name="com.wakesmart.testcases.WSLoginPageTest" time="42.767" errors="0" timestamp="2023-05-05T14:42:11 IST" skipped="0">
  <testcase classname="com.wakesmart.testcases.WSLoginPageTest" name="getTitle" time="0.427"/>
  <system-out/>
  <testcase classname="com.wakesmart.testcases.WSLoginPageTest" name="colorOfForm" time="0.718"/>
  <system-out/>
  <testcase classname="com.wakesmart.testcases.WSLoginPageTest" name="colorOfLoginButton" time="8.542"/>
  <system-out/>
  <testcase classname="com.wakesmart.testcases.WSLoginPageTest" name="invalidUserName_ValidPasswordLogin" time="6.674"/>
  <system-out/>
  <testcase classname="com.wakesmart.testcases.WSLoginPageTest" name="validUserName_InvalidPasswordLogin" time="8.758"/>
  <system-out/>
  <testcase classname="com.wakesmart.testcases.WSLoginPageTest" name="inValidUserName_InvalidPasswordLogin" time="5.889"/>
  <system-out/>
  <testcase classname="com.wakesmart.testcases.WSLoginPageTest" name="empty_Credential_Login" time="1.352"/>
  <system-out/>
  <testcase classname="com.wakesmart.testcases.WSLoginPageTest" name="passwordVisibilityOnDOM" time="0.921">
    <failure message="The following asserts failed:
	Password is visible on the DOM= did not expect [invalidPW] but found [invalidPW]" type="java.lang.AssertionError">
      <![CDATA[java.lang.AssertionError: The following asserts failed:
Password is visible on the DOM= did not expect [invalidPW] but found [invalidPW]
at org.testng.asserts.SoftAssert.assertAll(SoftAssert.java:46)
at org.testng.asserts.SoftAssert.assertAll(SoftAssert.java:30)
at com.wakesmart.testcases.WSLoginPageTest.passwordVisibilityOnDOM(WSLoginPageTest.java:147)
at java.base/jdk.internal.reflect.NativeMethodAccessorImpl.invoke0(Native Method)
at java.base/jdk.internal.reflect.NativeMethodAccessorImpl.invoke(NativeMethodAccessorImpl.java:77)
at java.base/jdk.internal.reflect.DelegatingMethodAccessorImpl.invoke(DelegatingMethodAccessorImpl.java:43)
at java.base/java.lang.reflect.Method.invoke(Method.java:568)
at org.testng.internal.invokers.MethodInvocationHelper.invokeMethod(MethodInvocationHelper.java:139)
at org.testng.internal.invokers.TestInvoker.invokeMethod(TestInvoker.java:677)
at org.testng.internal.invokers.TestInvoker.invokeTestMethod(TestInvoker.java:221)
at org.testng.internal.invokers.MethodRunner.runInSequence(MethodRunner.java:50)
at org.testng.internal.invokers.TestInvoker$MethodInvocationAgent.invoke(TestInvoker.java:962)
at org.testng.internal.invokers.TestInvoker.invokeTestMethods(TestInvoker.java:194)
at org.testng.internal.invokers.TestMethodWorker.invokeTestMethods(TestMethodWorker.java:148)
at org.testng.internal.invokers.TestMethodWorker.run(TestMethodWorker.java:128)
at java.base/java.util.concurrent.ThreadPoolExecutor.runWorker(ThreadPoolExecutor.java:1136)
at java.base/java.util.concurrent.ThreadPoolExecutor$Worker.run(ThreadPoolExecutor.java:635)
at java.base/java.lang.Thread.run(Thread.java:833)
]]>
    </failure>
  </testcase> <!-- passwordVisibilityOnDOM -->
  <system-out/>
  <testcase classname="com.wakesmart.testcases.WSLoginPageTest" name="validUserLogin" time="6.537"/>
  <system-out/>
  <testcase classname="com.wakesmart.testcases.WSLoginPageTest" name="URLVerification" time="0.049"/>
  <system-out/>
  <testcase classname="com.wakesmart.testcases.WSLoginPageTest" name="userLogout" time="2.900"/>
  <system-out/>
</testsuite> <!-- com.wakesmart.testcases.WSLoginPageTest -->
