<?xml version="1.0" encoding="UTF-8"?>
<!-- Generated by org.testng.reporters.JUnitReportReporter -->
<testsuite hostname="OTS-LP-O-0237" failures="0" tests="10" name="com.wakesmart.testcases.LoginPageTest" time="13.026" errors="0" timestamp="2022-12-13T20:27:43 IST" skipped="0">
  <testcase classname="com.wakesmart.testcases.LoginPageTest" name="getTitle" time="0.079"/>
  <system-out/>
  <testcase classname="com.wakesmart.testcases.LoginPageTest" name="colorOfForm" time="0.046"/>
  <system-out/>
  <testcase classname="com.wakesmart.testcases.LoginPageTest" name="colorOfLoginButton" time="0.024"/>
  <system-out/>
  <testcase classname="com.wakesmart.testcases.LoginPageTest" name="invalidUserName_ValidPasswordLogin" time="1.282"/>
  <system-out/>
  <testcase classname="com.wakesmart.testcases.LoginPageTest" name="validUserName_InvalidPasswordLogin" time="1.257"/>
  <system-out/>
  <testcase classname="com.wakesmart.testcases.LoginPageTest" name="inValidUserName_InvalidPasswordLogin" time="1.153"/>
  <system-out/>
  <testcase classname="com.wakesmart.testcases.LoginPageTest" name="empty_Credential_Login" time="0.408"/>
  <system-out/>
  <testcase classname="com.wakesmart.testcases.LoginPageTest" name="passwordVisibilityOnDOM" time="0.139"/>
  <system-out/>
  <testcase classname="com.wakesmart.testcases.LoginPageTest" name="validUserLogin" time="7.597"/>
  <system-out/>
  <testcase classname="com.wakesmart.testcases.LoginPageTest" name="userLogout" time="1.041"/>
  <system-out/>
</testsuite> <!-- com.wakesmart.testcases.LoginPageTest -->
