<?xml version="1.0" encoding="UTF-8"?>
<!-- Generated by org.testng.reporters.JUnitReportReporter -->
<testsuite hostname="OTS-LP-O-0237" failures="0" tests="24" name="com.wakesmart.testcases.HomePageTest" time="153.162" errors="0" timestamp="2023-01-04T20:11:09 IST" skipped="1">
  <testcase classname="com.wakesmart.testcases.HomePageTest" name="validUserLogin" time="7.322"/>
  <system-out/>
  <testcase classname="com.wakesmart.testcases.HomePageTest" name="user" time="1.131"/>
  <system-out/>
  <testcase classname="com.wakesmart.testcases.HomePageTest" name="about" time="1.214"/>
  <system-out/>
  <testcase classname="com.wakesmart.testcases.HomePageTest" name="reporting" time="12.278"/>
  <system-out/>
  <testcase classname="com.wakesmart.testcases.HomePageTest" name="assetInventory" time="1.930"/>
  <system-out/>
  <testcase classname="com.wakesmart.testcases.HomePageTest" name="manage_Device_Groups" time="21.727"/>
  <system-out/>
  <testcase classname="com.wakesmart.testcases.HomePageTest" name="manageEditGroups" time="4.449"/>
  <system-out/>
  <testcase classname="com.wakesmart.testcases.HomePageTest" name="managePolicies" time="5.714"/>
  <system-out/>
  <testcase classname="com.wakesmart.testcases.HomePageTest" name="manage_Policies_AddNewScheme" time="2.056"/>
  <system-out/>
  <testcase classname="com.wakesmart.testcases.HomePageTest" name="managePolicies_Scheduled_Events" time="4.463"/>
  <system-out/>
  <testcase classname="com.wakesmart.testcases.HomePageTest" name="new_Policy_Verify" time="0.522"/>
  <system-out/>
  <testcase classname="com.wakesmart.testcases.HomePageTest" name="assign_Policy_To_Sytstem" time="7.396"/>
  <system-out/>
  <testcase classname="com.wakesmart.testcases.HomePageTest" name="deleteAssignedPolicy" time="5.426"/>
  <system-out/>
  <testcase classname="com.wakesmart.testcases.HomePageTest" name="Unassign_Policy_To_Sytstem" time="8.268"/>
  <system-out/>
  <testcase classname="com.wakesmart.testcases.HomePageTest" name="manage_User" time="10.237"/>
  <system-out/>
  <testcase classname="com.wakesmart.testcases.HomePageTest" name="manage_Users_GroupPermission" time="6.475"/>
  <system-out/>
  <testcase classname="com.wakesmart.testcases.HomePageTest" name="manage_Licences" time="7.547"/>
  <system-out/>
  <testcase classname="com.wakesmart.testcases.HomePageTest" name="manage_Reference" time="2.724"/>
  <system-out/>
  <testcase classname="com.wakesmart.testcases.HomePageTest" name="manage_Automation" time="9.488"/>
  <system-out/>
  <testcase classname="com.wakesmart.testcases.HomePageTest" name="Automation_rule_Presence_verify" time="10.150"/>
  <system-out/>
  <testcase classname="com.wakesmart.testcases.HomePageTest" name="Automation_PolicyRules" time="11.317"/>
  <system-out/>
  <testcase classname="com.wakesmart.testcases.HomePageTest" name="getAutomation_AlertRules" time="0.176"/>
  <system-out/>
  <testcase classname="com.wakesmart.testcases.HomePageTest" name="Settings" time="11.152"/>
  <system-out/>
  <testcase classname="com.wakesmart.testcases.HomePageTest" name="delete_UnAssigned_Policy">
    <skipped/>
  </testcase> <!-- delete_UnAssigned_Policy -->
  <system-out/>
</testsuite> <!-- com.wakesmart.testcases.HomePageTest -->
