<?xml version="1.0" encoding="UTF-8"?>
<!-- Generated by org.testng.reporters.JUnitReportReporter -->
<testsuite hostname="OTS-LP-O-0237" failures="0" tests="3" name="com.wakesmart.testcases.HomePageTest" time="29.660" errors="0" timestamp="2023-02-27T14:48:13 IST" skipped="1">
  <testcase classname="com.wakesmart.testcases.HomePageTest" name="manage_User" time="22.440"/>
  <system-out/>
  <testcase classname="com.wakesmart.testcases.HomePageTest" name="validUserLogin" time="7.220"/>
  <system-out/>
  <testcase classname="com.wakesmart.testcases.HomePageTest" name="delete_UnAssigned_Policy">
    <skipped/>
  </testcase> <!-- delete_UnAssigned_Policy -->
  <system-out/>
</testsuite> <!-- com.wakesmart.testcases.HomePageTest -->
