<?xml version="1.0" encoding="UTF-8"?>
<!-- Generated by org.testng.reporters.JUnitReportReporter -->
<testsuite hostname="OTS-LP-O-0237" failures="0" tests="3" name="com.wakesmart.testcases.HomePageTest" time="10.316" errors="0" timestamp="2023-01-05T21:01:48 IST" skipped="1">
  <testcase classname="com.wakesmart.testcases.HomePageTest" name="reporting_DeviceUsage" time="2.407"/>
  <system-out/>
  <testcase classname="com.wakesmart.testcases.HomePageTest" name="validUserLogin" time="7.909"/>
  <system-out/>
  <testcase classname="com.wakesmart.testcases.HomePageTest" name="delete_UnAssigned_Policy">
    <skipped/>
  </testcase> <!-- delete_UnAssigned_Policy -->
  <system-out/>
</testsuite> <!-- com.wakesmart.testcases.HomePageTest -->
