<?xml version="1.0" encoding="UTF-8"?>
<!-- Generated by org.testng.reporters.JUnitReportReporter -->
<testsuite hostname="OTS-LP-O-0237" failures="0" tests="1" name="com.wakesmart.testcases.WSAutomationPolicyRules" time="18.434" errors="0" timestamp="2023-08-07T16:50:02 IST" skipped="0">
  <testcase classname="com.wakesmart.testcases.WSAutomationPolicyRules" name="newAutomationPolicyRules" time="18.434"/>
  <system-out/>
</testsuite> <!-- com.wakesmart.testcases.WSAutomationPolicyRules -->
